  Building Custom Rule C:/Users/erice/Documents/sb7code-master/CMakeLists.txt
  CMake does not need to re-run because C:\Users\erice\Documents\sb7code-master\build\CMakeFiles\generate.stamp is up-to-date.
  CMake Warning (dev) at C:/Program Files/CMake/share/cmake-3.7/Modules/FindOpenMP.cmake:179 (if):
    if given arguments:
  
      "TRUE"
  
    An argument named "TRUE" appears in a conditional statement.  Policy
    CMP0012 is not set: if() recognizes numbers and boolean constants.  Run
    "cmake --help-policy CMP0012" for policy details.  Use the cmake_policy
    command to set the policy and suppress this warning.
  Call Stack (most recent call first):
    C:/Program Files/CMake/share/cmake-3.7/Modules/FindOpenMP.cmake:224 (_OPENMP_GET_SPEC_DATE)
    CMakeLists.txt:133 (find_package)
  This warning is for project developers.  Use -Wno-dev to suppress it.
  
  CMake Warning (dev) at C:/Program Files/CMake/share/cmake-3.7/Modules/FindOpenMP.cmake:179 (if):
    if given arguments:
  
      "TRUE"
  
    An argument named "TRUE" appears in a conditional statement.  Policy
    CMP0012 is not set: if() recognizes numbers and boolean constants.  Run
    "cmake --help-policy CMP0012" for policy details.  Use the cmake_policy
    command to set the policy and suppress this warning.
  Call Stack (most recent call first):
    C:/Program Files/CMake/share/cmake-3.7/Modules/FindOpenMP.cmake:266 (_OPENMP_GET_SPEC_DATE)
    CMakeLists.txt:133 (find_package)
  This warning is for project developers.  Use -Wno-dev to suppress it.
  
  -- Configuring done
  -- Generating done
CUSTOMBUILD : CMake warning : 
    Manually-specified variables were not used by the project:
  
      CMAKE_BUILD_TYPE
  
  
  -- Build files have been written to: C:/Users/erice/Documents/sb7code-master/build
